#
# A fatal error has been detected by the Java Runtime Environment:
#
#  EXCEPTION_ACCESS_VIOLATION (0xc0000005) at pc=0x0000000077964b9b, pid=20964, tid=20700
#
# JRE version: Java(TM) SE Runtime Environment (7.0_80-b15) (build 1.7.0_80-b15)
# Java VM: Java HotSpot(TM) 64-Bit Server VM (24.80-b11 mixed mode windows-amd64 compressed oops)
# Problematic frame:
# V  [jvm.dll+0x144b9b]
#
# Failed to write core dump. Minidumps are not enabled by default on client versions of Windows
#
# If you would like to submit a bug report, please visit:
#   http://bugreport.java.com/bugreport/crash.jsp
#

---------------  T H R E A D  ---------------

Current thread (0x000000000aafa000):  JavaThread "JDWP Transport Listener: dt_socket" daemon [_thread_in_vm, id=20700, stack(0x000000000c1f0000,0x000000000c2f0000)]

siginfo: ExceptionCode=0xc0000005, reading address 0xffffffffffffffff

Registers:
RAX=0x000000000c2ef001, RBX=0x000000000aafa000, RCX=0x656767003b726f74, RDX=0x0000000000000000
RSP=0x000000000c2ef070, RBP=0x656767003b726f74, RSI=0x000000000c2ef188, RDI=0x00000000021adef0
R8 =0x000000000aafa000, R9 =0x0000000000008000, R10=0x0000000000000000, R11=0x000000000d880ef2
R12=0x0000000000000000, R13=0x000000000aae5a68, R14=0x0000000000000000, R15=0x0000000000000000
RIP=0x0000000077964b9b, EFLAGS=0x0000000000010206

Top of Stack: (sp=0x000000000c2ef070)
0x000000000c2ef070:   000000000aafa000 0000000000000009
0x000000000c2ef080:   000000000c2ef138 0000000077b077d9
0x000000000c2ef090:   000000000aafa000 0000000077b25382
0x000000000c2ef0a0:   0000000000000000 0000000050428e8d
0x000000000c2ef0b0:   000000000d8e7058 0000000050432666
0x000000000c2ef0c0:   000000000aafa000 0000000000000000
0x000000000c2ef0d0:   0000000000000000 0000000000000000
0x000000000c2ef0e0:   656767003b726f74 000000005043175d
0x000000000c2ef0f0:   000000000c2ef188 000000000c2ef160
0x000000000c2ef100:   0000000000000001 000000000d8e7058
0x000000000c2ef110:   656767003b726f74 00000000504153b3
0x000000000c2ef120:   000000000c2ef250 0000000000000001
0x000000000c2ef130:   0000000000000001 000000000d8e7058
0x000000000c2ef140:   000000000000000a 0000000000000000
0x000000000c2ef150:   0000000000000000 0000000000000000
0x000000000c2ef160:   0000000000000001 0000000050415571 

Instructions: (pc=0x0000000077964b9b)
0x0000000077964b7b:   48 8b 5c 24 30 48 89 47 18 48 83 c4 20 5f c3 cc
0x0000000077964b8b:   cc cc cc cc cc 40 53 48 83 ec 20 48 85 c9 74 54
0x0000000077964b9b:   48 8b 19 48 85 db 74 4c 48 b8 fe fe fe fe fe fe
0x0000000077964bab:   fe fe 48 3b d8 74 3d 80 3d 57 56 61 00 00 74 15 


Register to memory mapping:

RAX=0x000000000c2ef001 is pointing into the stack for thread: 0x000000000aafa000
RBX=0x000000000aafa000 is a thread
RCX=0x656767003b726f74 is an unknown value
RDX=0x0000000000000000 is an unknown value
RSP=0x000000000c2ef070 is pointing into the stack for thread: 0x000000000aafa000
RBP=0x656767003b726f74 is an unknown value
RSI=0x000000000c2ef188 is pointing into the stack for thread: 0x000000000aafa000
RDI=0x00000000021adef0 is an unknown value
R8 =0x000000000aafa000 is a thread
R9 =0x0000000000008000 is an unknown value
R10=0x0000000000000000 is an unknown value
R11=0x000000000d880ef2 is an unknown value
R12=0x0000000000000000 is an unknown value
R13=0x000000000aae5a68 is an unknown value
R14=0x0000000000000000 is an unknown value
R15=0x0000000000000000 is an unknown value


Stack: [0x000000000c1f0000,0x000000000c2f0000],  sp=0x000000000c2ef070,  free space=1020k
Native frames: (J=compiled Java code, j=interpreted, Vv=VM code, C=native code)
V  [jvm.dll+0x144b9b]


---------------  P R O C E S S  ---------------

Java Threads: ( => current thread )
  0x000000000ead2000 JavaThread "http-nio-8088-exec-10" daemon [_thread_blocked, id=20044, stack(0x00000000251f0000,0x00000000252f0000)]
  0x000000000ead5000 JavaThread "http-nio-8088-exec-9" daemon [_thread_blocked, id=7496, stack(0x00000000250f0000,0x00000000251f0000)]
  0x000000000ead3800 JavaThread "http-nio-8088-exec-8" daemon [_thread_blocked, id=21496, stack(0x0000000024ff0000,0x00000000250f0000)]
  0x000000000eaca800 JavaThread "http-nio-8088-exec-7" daemon [_thread_blocked, id=17584, stack(0x0000000024ef0000,0x0000000024ff0000)]
  0x000000000ead1000 JavaThread "http-nio-8088-exec-6" daemon [_thread_blocked, id=17188, stack(0x0000000024df0000,0x0000000024ef0000)]
  0x000000000eac9800 JavaThread "http-nio-8088-exec-5" daemon [_thread_blocked, id=10816, stack(0x0000000024cf0000,0x0000000024df0000)]
  0x000000000ead0800 JavaThread "http-nio-8088-exec-4" daemon [_thread_blocked, id=17356, stack(0x0000000024bf0000,0x0000000024cf0000)]
  0x000000000eac9000 JavaThread "http-nio-8088-exec-3" daemon [_thread_blocked, id=21052, stack(0x0000000024af0000,0x0000000024bf0000)]
  0x000000000eac8000 JavaThread "http-nio-8088-exec-2" daemon [_thread_blocked, id=17520, stack(0x00000000249f0000,0x0000000024af0000)]
  0x000000000eacd800 JavaThread "http-nio-8088-exec-1" daemon [_thread_blocked, id=3056, stack(0x00000000248f0000,0x00000000249f0000)]
  0x000000000eacf000 JavaThread "http-nio-8088-AsyncTimeout" daemon [_thread_blocked, id=5252, stack(0x00000000247f0000,0x00000000248f0000)]
  0x000000000eacc800 JavaThread "http-nio-8088-Acceptor-0" daemon [_thread_blocked, id=11864, stack(0x00000000246f0000,0x00000000247f0000)]
  0x000000000eace000 JavaThread "http-nio-8088-ClientPoller-1" daemon [_thread_in_native, id=15804, stack(0x00000000245f0000,0x00000000246f0000)]
  0x000000000e38a800 JavaThread "http-nio-8088-ClientPoller-0" daemon [_thread_blocked, id=20740, stack(0x00000000244f0000,0x00000000245f0000)]
  0x000000000e388000 JavaThread "NioBlockingSelector.BlockPoller-14" daemon [_thread_in_native, id=19172, stack(0x00000000243f0000,0x00000000244f0000)]
  0x000000000e387800 JavaThread "File Watcher" daemon [_thread_blocked, id=19852, stack(0x00000000242f0000,0x00000000243f0000)]
  0x000000000e38b000 JavaThread "Tomcat JDBC Pool Cleaner[76683920:1581394006721]" daemon [_thread_blocked, id=10944, stack(0x00000000241f0000,0x00000000242f0000)]
  0x000000000e389800 JavaThread "container-0" [_thread_blocked, id=4300, stack(0x00000000240f0000,0x00000000241f0000)]
  0x000000000e386800 JavaThread "ContainerBackgroundProcessor[StandardEngine[Tomcat]]" daemon [_thread_blocked, id=20292, stack(0x0000000023ff0000,0x00000000240f0000)]
  0x000000000e37f000 JavaThread "pool-27-thread-1" [_thread_blocked, id=5492, stack(0x0000000023ef0000,0x0000000023ff0000)]
  0x000000000eacc000 JavaThread "pool-25-thread-1" [_thread_blocked, id=16924, stack(0x00000000220f0000,0x00000000221f0000)]
  0x000000000eacf800 JavaThread "pool-21-thread-2" [_thread_blocked, id=13408, stack(0x00000000216f0000,0x00000000217f0000)]
  0x000000000eacb000 JavaThread "pool-19-thread-2" [_thread_blocked, id=13636, stack(0x00000000215f0000,0x00000000216f0000)]
  0x000000000ab02800 JavaThread "pool-23-thread-1" [_thread_blocked, id=21036, stack(0x00000000201f0000,0x00000000202f0000)]
  0x000000000e37d800 JavaThread "pool-17-thread-2" [_thread_blocked, id=9316, stack(0x000000001e5f0000,0x000000001e6f0000)]
  0x000000000e37d000 JavaThread "pool-13-thread-2" [_thread_blocked, id=14628, stack(0x000000001bdf0000,0x000000001bef0000)]
  0x000000000e380000 JavaThread "pool-15-thread-1" [_thread_blocked, id=15856, stack(0x000000001b3f0000,0x000000001b4f0000)]
  0x000000000e383800 JavaThread "pool-9-thread-2" [_thread_blocked, id=20560, stack(0x00000000196f0000,0x00000000197f0000)]
  0x000000000e382000 JavaThread "pool-11-thread-1" [_thread_blocked, id=20600, stack(0x0000000018cf0000,0x0000000018df0000)]
  0x000000000e37c000 JavaThread "pool-5-thread-2" [_thread_blocked, id=16268, stack(0x0000000016ff0000,0x00000000170f0000)]
  0x000000000e383000 JavaThread "pool-3-thread-2" [_thread_blocked, id=21292, stack(0x0000000016ef0000,0x0000000016ff0000)]
  0x000000000e380800 JavaThread "pool-7-thread-1" [_thread_blocked, id=10228, stack(0x00000000164f0000,0x00000000165f0000)]
  0x000000000e37e800 JavaThread "pool-1-thread-2" [_thread_blocked, id=20716, stack(0x00000000149f0000,0x0000000014af0000)]
  0x000000000ab07000 JavaThread "DestroyJavaVM" [_thread_blocked, id=21272, stack(0x0000000002640000,0x0000000002740000)]
  0x000000000ab04000 JavaThread "Live Reload Server" daemon [_thread_in_native, id=20504, stack(0x00000000112f0000,0x00000000113f0000)]
  0x000000000e503800 JavaThread "MySQL Statement Cancellation Timer" daemon [_thread_blocked, id=21084, stack(0x0000000010ff0000,0x00000000110f0000)]
  0x000000000ab18800 JavaThread "Service Thread" daemon [_thread_blocked, id=20840, stack(0x000000000c6f0000,0x000000000c7f0000)]
  0x000000000ab1e000 JavaThread "C2 CompilerThread1" daemon [_thread_blocked, id=18048, stack(0x000000000c5f0000,0x000000000c6f0000)]
  0x000000000ab17800 JavaThread "C2 CompilerThread0" daemon [_thread_blocked, id=20832, stack(0x000000000c4f0000,0x000000000c5f0000)]
  0x000000000ab00800 JavaThread "JDWP Command Reader" daemon [_thread_in_native, id=20628, stack(0x000000000c3f0000,0x000000000c4f0000)]
  0x000000000aafd800 JavaThread "JDWP Event Helper Thread" daemon [_thread_blocked, id=11860, stack(0x000000000c2f0000,0x000000000c3f0000)]
=>0x000000000aafa000 JavaThread "JDWP Transport Listener: dt_socket" daemon [_thread_in_vm, id=20700, stack(0x000000000c1f0000,0x000000000c2f0000)]
  0x000000000aae7800 JavaThread "Attach Listener" daemon [_thread_blocked, id=2444, stack(0x000000000bf40000,0x000000000c040000)]
  0x000000000aae4800 JavaThread "Signal Dispatcher" daemon [_thread_blocked, id=16472, stack(0x000000000be40000,0x000000000bf40000)]
  0x000000000282c800 JavaThread "Finalizer" daemon [_thread_blocked, id=21348, stack(0x000000000bd40000,0x000000000be40000)]
  0x000000000aaa4800 JavaThread "Reference Handler" daemon [_thread_blocked, id=7816, stack(0x000000000bc40000,0x000000000bd40000)]

Other Threads:
  0x000000000aaa3000 VMThread [stack: 0x000000000bb40000,0x000000000bc40000] [id=13664]
  0x000000000c81b000 WatcherThread [stack: 0x000000000cbf0000,0x000000000ccf0000] [id=16224]

VM state:synchronizing (normal execution)

VM Mutex/Monitor currently owned by a thread:  ([mutex/lock_event])
[0x0000000002742cd0] Threads_lock - owner thread: 0x000000000aaa3000

Heap
 PSYoungGen      total 577536K, used 549400K [0x00000007d6200000, 0x00000007fd980000, 0x0000000800000000)
  eden space 576512K, 95% used [0x00000007d6200000,0x00000007f7a860f8,0x00000007f9500000)
  from space 1024K, 0% used [0x00000007fb680000,0x00000007fb680000,0x00000007fb780000)
  to   space 18432K, 0% used [0x00000007fc780000,0x00000007fc780000,0x00000007fd980000)
 ParOldGen       total 85504K, used 63967K [0x0000000782600000, 0x0000000787980000, 0x00000007d6200000)
  object space 85504K, 74% used [0x0000000782600000,0x0000000786477fd0,0x0000000787980000)
 PSPermGen       total 83968K, used 71905K [0x000000077d400000, 0x0000000782600000, 0x0000000782600000)
  object space 83968K, 85% used [0x000000077d400000,0x0000000781a385e8,0x0000000782600000)

Card table byte_map: [0x0000000005900000,0x0000000005d20000] byte_map_base: 0x0000000001d16000

Polling page: 0x00000000001f0000

Code Cache  [0x0000000002840000, 0x0000000003240000, 0x0000000005840000)
 total_blobs=2918 nmethods=2198 adapters=678 free_code_cache=39108Kb largest_free_block=39900544

Compilation events (10 events):
Event: 1930.930 Thread 0x000000000ab17800 2503             java.util.regex.Pattern::compile (406 bytes)
Event: 1930.951 Thread 0x000000000ab17800 nmethod 2503 0x00000000031e6e50 code [0x00000000031e7080, 0x00000000031e8290]
Event: 1933.472 Thread 0x000000000ab1e000 2504             java.net.URI$Parser::checkChars (44 bytes)
Event: 1933.476 Thread 0x000000000ab1e000 nmethod 2504 0x00000000031e6410 code [0x00000000031e6580, 0x00000000031e68a8]
Event: 1935.941 Thread 0x000000000ab17800 2505             com.fasterxml.jackson.core.json.UTF8JsonGenerator::_writeStringSegment (122 bytes)
Event: 1935.951 Thread 0x000000000ab17800 nmethod 2505 0x00000000031ee350 code [0x00000000031ee4c0, 0x00000000031eeba8]
Event: 1950.947 Thread 0x000000000ab1e000 2506   !         org.apache.tomcat.util.net.NioEndpoint$Poller::timeout (493 bytes)
Event: 1950.986 Thread 0x000000000ab1e000 nmethod 2506 0x00000000031d9350 code [0x00000000031d95c0, 0x00000000031da610]
Event: 1972.884 Thread 0x000000000ab17800 2507             java.nio.channels.spi.AbstractSelector::end (5 bytes)
Event: 1972.886 Thread 0x000000000ab17800 nmethod 2507 0x00000000031edcd0 code [0x00000000031ede20, 0x00000000031ee118]

GC Heap History (10 events):
Event: 770.832 GC heap before
{Heap before GC invocations=34 (full 12):
 PSYoungGen      total 652800K, used 7287K [0x00000007d6200000, 0x00000007ff280000, 0x0000000800000000)
  eden space 635392K, 0% used [0x00000007d6200000,0x00000007d6200000,0x00000007fce80000)
  from space 17408K, 41% used [0x00000007fe180000,0x00000007fe89dce0,0x00000007ff280000)
  to   space 18432K, 0% used [0x00000007fce80000,0x00000007fce80000,0x00000007fe080000)
 ParOldGen       total 85504K, used 58060K [0x0000000782600000, 0x0000000787980000, 0x00000007d6200000)
  object space 85504K, 67% used [0x0000000782600000,0x0000000785eb3098,0x0000000787980000)
 PSPermGen       total 83968K, used 68439K [0x000000077d400000, 0x0000000782600000, 0x0000000782600000)
  object space 83968K, 81% used [0x000000077d400000,0x00000007816d5ff0,0x0000000782600000)
Event: 771.161 GC heap after
Heap after GC invocations=34 (full 12):
 PSYoungGen      total 652800K, used 0K [0x00000007d6200000, 0x00000007ff280000, 0x0000000800000000)
  eden space 635392K, 0% used [0x00000007d6200000,0x00000007d6200000,0x00000007fce80000)
  from space 17408K, 0% used [0x00000007fe180000,0x00000007fe180000,0x00000007ff280000)
  to   space 18432K, 0% used [0x00000007fce80000,0x00000007fce80000,0x00000007fe080000)
 ParOldGen       total 85504K, used 62404K [0x0000000782600000, 0x0000000787980000, 0x00000007d6200000)
  object space 85504K, 72% used [0x0000000782600000,0x00000007862f11d0,0x0000000787980000)
 PSPermGen       total 83968K, used 68378K [0x000000077d400000, 0x0000000782600000, 0x0000000782600000)
  object space 83968K, 81% used [0x000000077d400000,0x00000007816c6bb0,0x0000000782600000)
}
Event: 1041.383 GC heap before
{Heap before GC invocations=35 (full 12):
 PSYoungGen      total 652800K, used 635392K [0x00000007d6200000, 0x00000007ff280000, 0x0000000800000000)
  eden space 635392K, 100% used [0x00000007d6200000,0x00000007fce80000,0x00000007fce80000)
  from space 17408K, 0% used [0x00000007fe180000,0x00000007fe180000,0x00000007ff280000)
  to   space 18432K, 0% used [0x00000007fce80000,0x00000007fce80000,0x00000007fe080000)
 ParOldGen       total 85504K, used 62404K [0x0000000782600000, 0x0000000787980000, 0x00000007d6200000)
  object space 85504K, 72% used [0x0000000782600000,0x00000007862f11d0,0x0000000787980000)
 PSPermGen       total 83968K, used 69396K [0x000000077d400000, 0x0000000782600000, 0x0000000782600000)
  object space 83968K, 82% used [0x000000077d400000,0x00000007817c5068,0x0000000782600000)
Event: 1041.396 GC heap after
Heap after GC invocations=35 (full 12):
 PSYoungGen      total 615936K, used 10572K [0x00000007d6200000, 0x00000007fe200000, 0x0000000800000000)
  eden space 605184K, 0% used [0x00000007d6200000,0x00000007d6200000,0x00000007fb100000)
  from space 10752K, 98% used [0x00000007fce80000,0x00000007fd8d33a0,0x00000007fd900000)
  to   space 9216K, 0% used [0x00000007fd900000,0x00000007fd900000,0x00000007fe200000)
 ParOldGen       total 85504K, used 62404K [0x0000000782600000, 0x0000000787980000, 0x00000007d6200000)
  object space 85504K, 72% used [0x0000000782600000,0x00000007862f11d0,0x0000000787980000)
 PSPermGen       total 83968K, used 69396K [0x000000077d400000, 0x0000000782600000, 0x0000000782600000)
  object space 83968K, 82% used [0x000000077d400000,0x00000007817c5068,0x0000000782600000)
}
Event: 1590.626 GC heap before
{Heap before GC invocations=36 (full 12):
 PSYoungGen      total 615936K, used 615756K [0x00000007d6200000, 0x00000007fe200000, 0x0000000800000000)
  eden space 605184K, 100% used [0x00000007d6200000,0x00000007fb100000,0x00000007fb100000)
  from space 10752K, 98% used [0x00000007fce80000,0x00000007fd8d33a0,0x00000007fd900000)
  to   space 9216K, 0% used [0x00000007fd900000,0x00000007fd900000,0x00000007fe200000)
 ParOldGen       total 85504K, used 62404K [0x0000000782600000, 0x0000000787980000, 0x00000007d6200000)
  object space 85504K, 72% used [0x0000000782600000,0x00000007862f11d0,0x0000000787980000)
 PSPermGen       total 83968K, used 70630K [0x000000077d400000, 0x0000000782600000, 0x0000000782600000)
  object space 83968K, 84% used [0x000000077d400000,0x00000007818f9890,0x0000000782600000)
Event: 1590.641 GC heap after
Heap after GC invocations=36 (full 12):
 PSYoungGen      total 578048K, used 1442K [0x00000007d6200000, 0x00000007fda80000, 0x0000000800000000)
  eden space 576512K, 0% used [0x00000007d6200000,0x00000007d6200000,0x00000007f9500000)
  from space 1536K, 93% used [0x00000007fd900000,0x00000007fda68898,0x00000007fda80000)
  to   space 18432K, 0% used [0x00000007fb680000,0x00000007fb680000,0x00000007fc880000)
 ParOldGen       total 85504K, used 70521K [0x0000000782600000, 0x0000000787980000, 0x00000007d6200000)
  object space 85504K, 82% used [0x0000000782600000,0x0000000786ade7c8,0x0000000787980000)
 PSPermGen       total 83968K, used 70630K [0x000000077d400000, 0x0000000782600000, 0x0000000782600000)
  object space 83968K, 84% used [0x000000077d400000,0x00000007818f9890,0x0000000782600000)
}
Event: 1861.299 GC heap before
{Heap before GC invocations=37 (full 12):
 PSYoungGen      total 578048K, used 350896K [0x00000007d6200000, 0x00000007fda80000, 0x0000000800000000)
  eden space 576512K, 60% used [0x00000007d6200000,0x00000007eb743a70,0x00000007f9500000)
  from space 1536K, 93% used [0x00000007fd900000,0x00000007fda68898,0x00000007fda80000)
  to   space 18432K, 0% used [0x00000007fb680000,0x00000007fb680000,0x00000007fc880000)
 ParOldGen       total 85504K, used 70521K [0x0000000782600000, 0x0000000787980000, 0x00000007d6200000)
  object space 85504K, 82% used [0x0000000782600000,0x0000000786ade7c8,0x0000000787980000)
 PSPermGen       total 83968K, used 71014K [0x000000077d400000, 0x0000000782600000, 0x0000000782600000)
  object space 83968K, 84% used [0x000000077d400000,0x0000000781959800,0x0000000782600000)
Event: 1861.303 GC heap after
Heap after GC invocations=37 (full 12):
 PSYoungGen      total 577536K, used 816K [0x00000007d6200000, 0x00000007fd980000, 0x0000000800000000)
  eden space 576512K, 0% used [0x00000007d6200000,0x00000007d6200000,0x00000007f9500000)
  from space 1024K, 79% used [0x00000007fb680000,0x00000007fb74c010,0x00000007fb780000)
  to   space 18432K, 0% used [0x00000007fc780000,0x00000007fc780000,0x00000007fd980000)
 ParOldGen       total 85504K, used 70978K [0x0000000782600000, 0x0000000787980000, 0x00000007d6200000)
  object space 85504K, 83% used [0x0000000782600000,0x0000000786b50808,0x0000000787980000)
 PSPermGen       total 83968K, used 71014K [0x000000077d400000, 0x0000000782600000, 0x0000000782600000)
  object space 83968K, 84% used [0x000000077d400000,0x0000000781959800,0x0000000782600000)
}
Event: 1861.303 GC heap before
{Heap before GC invocations=38 (full 13):
 PSYoungGen      total 577536K, used 816K [0x00000007d6200000, 0x00000007fd980000, 0x0000000800000000)
  eden space 576512K, 0% used [0x00000007d6200000,0x00000007d6200000,0x00000007f9500000)
  from space 1024K, 79% used [0x00000007fb680000,0x00000007fb74c010,0x00000007fb780000)
  to   space 18432K, 0% used [0x00000007fc780000,0x00000007fc780000,0x00000007fd980000)
 ParOldGen       total 85504K, used 70978K [0x0000000782600000, 0x0000000787980000, 0x00000007d6200000)
  object space 85504K, 83% used [0x0000000782600000,0x0000000786b50808,0x0000000787980000)
 PSPermGen       total 83968K, used 71014K [0x000000077d400000, 0x0000000782600000, 0x0000000782600000)
  object space 83968K, 84% used [0x000000077d400000,0x0000000781959800,0x0000000782600000)
Event: 1861.681 GC heap after
Heap after GC invocations=38 (full 13):
 PSYoungGen      total 577536K, used 0K [0x00000007d6200000, 0x00000007fd980000, 0x0000000800000000)
  eden space 576512K, 0% used [0x00000007d6200000,0x00000007d6200000,0x00000007f9500000)
  from space 1024K, 0% used [0x00000007fb680000,0x00000007fb680000,0x00000007fb780000)
  to   space 18432K, 0% used [0x00000007fc780000,0x00000007fc780000,0x00000007fd980000)
 ParOldGen       total 85504K, used 63967K [0x0000000782600000, 0x0000000787980000, 0x00000007d6200000)
  object space 85504K, 74% used [0x0000000782600000,0x0000000786477fd0,0x0000000787980000)
 PSPermGen       total 83968K, used 70999K [0x000000077d400000, 0x0000000782600000, 0x0000000782600000)
  object space 83968K, 84% used [0x000000077d400000,0x0000000781955ff8,0x0000000782600000)
}

Deoptimization events (10 events):
Event: 1933.466 Thread 0x000000000ead0800 Uncommon trap: reason=unhandled action=none pc=0x0000000002d5fcc4 method=java.lang.Class.getDeclaredMethod(Ljava/lang/String;[Ljava/lang/Class;)Ljava/lang/reflect/Method; @ 64
Event: 1933.469 Thread 0x000000000ead0800 Uncommon trap: reason=unhandled action=none pc=0x00000000031a40b4 method=java.io.StringReader.ensureOpen()V @ 16
Event: 1933.471 Thread 0x000000000ead0800 Uncommon trap: reason=range_check action=none pc=0x00000000028e2be4 method=sun.reflect.generics.parser.SignatureParser.current()C @ 34
Event: 1933.471 Thread 0x000000000ead0800 Uncommon trap: reason=range_check action=none pc=0x00000000028e2be4 method=sun.reflect.generics.parser.SignatureParser.current()C @ 34
Event: 1933.472 Thread 0x000000000ead0800 Uncommon trap: reason=unhandled action=none pc=0x00000000031a40b4 method=java.io.StringReader.ensureOpen()V @ 16
Event: 1933.478 Thread 0x000000000ead0800 Uncommon trap: reason=unhandled action=none pc=0x0000000002d5fcc4 method=java.lang.Class.getDeclaredMethod(Ljava/lang/String;[Ljava/lang/Class;)Ljava/lang/reflect/Method; @ 64
Event: 1933.478 Thread 0x000000000ead0800 Uncommon trap: reason=unhandled action=none pc=0x0000000002d5fcc4 method=java.lang.Class.getDeclaredMethod(Ljava/lang/String;[Ljava/lang/Class;)Ljava/lang/reflect/Method; @ 64
Event: 1933.481 Thread 0x000000000ead0800 Uncommon trap: reason=range_check action=none pc=0x00000000028e2be4 method=sun.reflect.generics.parser.SignatureParser.current()C @ 34
Event: 1935.894 Thread 0x000000000ead1000 Uncommon trap: reason=unstable_if action=reinterpret pc=0x000000000319e6a4 method=sun.misc.FloatingDecimal.readJavaFormatString(Ljava/lang/String;)Lsun/misc/FloatingDecimal; @ 240
Event: 1935.941 Thread 0x000000000ead1000 Uncommon trap: reason=unstable_if action=reinterpret pc=0x0000000002977d90 method=java.lang.Float.isNaN(F)Z @ 3

Internal exceptions (10 events):
Event: 1930.947 Thread 0x000000000eac9000 Threw 0x00000007ef755568 at C:\re\jdk7u80\2329\hotspot\src\share\vm\interpreter\interpreterRuntime.cpp:347
Event: 1930.947 Thread 0x000000000eac9000 Threw 0x00000007ef756238 at C:\re\jdk7u80\2329\hotspot\src\share\vm\interpreter\interpreterRuntime.cpp:347
Event: 1930.948 Thread 0x000000000eac9000 Threw 0x00000007ef759730 at C:\re\jdk7u80\2329\hotspot\src\share\vm\interpreter\interpreterRuntime.cpp:347
Event: 1930.949 Thread 0x000000000eac9000 Threw 0x00000007ef765f20 at C:\re\jdk7u80\2329\hotspot\src\share\vm\interpreter\interpreterRuntime.cpp:347
Event: 1930.950 Thread 0x000000000eac9000 Threw 0x00000007ef766bf0 at C:\re\jdk7u80\2329\hotspot\src\share\vm\interpreter\interpreterRuntime.cpp:347
Event: 1930.950 Thread 0x000000000eac9000 Threw 0x00000007ef76a058 at C:\re\jdk7u80\2329\hotspot\src\share\vm\interpreter\interpreterRuntime.cpp:347
Event: 1930.953 Thread 0x000000000eac9000 Threw 0x00000007ef781648 at C:\re\jdk7u80\2329\hotspot\src\share\vm\interpreter\interpreterRuntime.cpp:347
Event: 1933.471 Thread 0x000000000ead0800 Threw 0x00000007efdfd220 at C:\re\jdk7u80\2329\hotspot\src\share\vm\interpreter\interpreterRuntime.cpp:347
Event: 1933.471 Thread 0x000000000ead0800 Threw 0x00000007efe04bf8 at C:\re\jdk7u80\2329\hotspot\src\share\vm\interpreter\interpreterRuntime.cpp:347
Event: 1933.481 Thread 0x000000000ead0800 Threw 0x00000007efe6bbf0 at C:\re\jdk7u80\2329\hotspot\src\share\vm\interpreter\interpreterRuntime.cpp:347

Events (10 events):
Event: 2080.665 Executing VM operation: ChangeBreakpoints done
Event: 2080.667 Executing VM operation: ChangeBreakpoints
Event: 2080.667 Executing VM operation: ChangeBreakpoints done
Event: 2080.706 Executing VM operation: ChangeBreakpoints
Event: 2080.707 Executing VM operation: ChangeBreakpoints done
Event: 2080.711 Executing VM operation: ChangeBreakpoints
Event: 2080.711 Executing VM operation: ChangeBreakpoints done
Event: 2081.330 Thread 0x000000000ead3800 DEOPT PACKING pc=0x0000000002956ed8 sp=0x00000000250ed150
Event: 2081.330 Thread 0x000000000ead3800 DEOPT UNPACKING pc=0x00000000028792b9 sp=0x00000000250ece60 mode 1
Event: 2081.350 Executing VM operation: RevokeBias


Dynamic libraries:
0x00007ff7753e0000 - 0x00007ff775413000 	C:\Program Files\Java\jdk1.7.0_80\bin\javaw.exe
0x00007ff98c500000 - 0x00007ff98c6e1000 	C:\WINDOWS\SYSTEM32\ntdll.dll
0x00007ff98c360000 - 0x00007ff98c411000 	C:\WINDOWS\System32\KERNEL32.DLL
0x00007ff9888c0000 - 0x00007ff988b33000 	C:\WINDOWS\System32\KERNELBASE.dll
0x00007ff98c420000 - 0x00007ff98c4c1000 	C:\WINDOWS\System32\ADVAPI32.dll
0x00007ff989e50000 - 0x00007ff989eee000 	C:\WINDOWS\System32\msvcrt.dll
0x00007ff989ef0000 - 0x00007ff989f4b000 	C:\WINDOWS\System32\sechost.dll
0x00007ff98b7d0000 - 0x00007ff98b8f4000 	C:\WINDOWS\System32\RPCRT4.dll
0x00007ff98b910000 - 0x00007ff98baa0000 	C:\WINDOWS\System32\USER32.dll
0x00007ff988f60000 - 0x00007ff988f80000 	C:\WINDOWS\System32\win32u.dll
0x00007ff98a280000 - 0x00007ff98a2a8000 	C:\WINDOWS\System32\GDI32.dll
0x00007ff989790000 - 0x00007ff989921000 	C:\WINDOWS\System32\gdi32full.dll
0x00007ff988d90000 - 0x00007ff988e2f000 	C:\WINDOWS\System32\msvcp_win.dll
0x00007ff989690000 - 0x00007ff989788000 	C:\WINDOWS\System32\ucrtbase.dll
0x00007ff9838f0000 - 0x00007ff983b59000 	C:\WINDOWS\WinSxS\amd64_microsoft.windows.common-controls_6595b64144ccf1df_6.0.17134.982_none_fb3fa44f30680781\COMCTL32.dll
0x00007ff989f50000 - 0x00007ff98a272000 	C:\WINDOWS\System32\combase.dll
0x00007ff988ee0000 - 0x00007ff988f59000 	C:\WINDOWS\System32\bcryptPrimitives.dll
0x00007ff98c120000 - 0x00007ff98c14d000 	C:\WINDOWS\System32\IMM32.DLL
0x0000000050450000 - 0x0000000050522000 	C:\Program Files\Java\jdk1.7.0_80\jre\bin\msvcr100.dll
0x0000000077820000 - 0x0000000077ff9000 	C:\Program Files\Java\jdk1.7.0_80\jre\bin\server\jvm.dll
0x00007ff98b900000 - 0x00007ff98b908000 	C:\WINDOWS\System32\PSAPI.DLL
0x00007ff9831d0000 - 0x00007ff9831f3000 	C:\WINDOWS\SYSTEM32\WINMM.dll
0x00007ff9830c0000 - 0x00007ff9830ea000 	C:\WINDOWS\SYSTEM32\WINMMBASE.dll
0x00007ff989930000 - 0x00007ff989979000 	C:\WINDOWS\System32\cfgmgr32.dll
0x00007ff983f80000 - 0x00007ff983f89000 	C:\WINDOWS\SYSTEM32\WSOCK32.dll
0x00007ff98a310000 - 0x00007ff98a37c000 	C:\WINDOWS\System32\WS2_32.dll
0x0000000050240000 - 0x000000005024f000 	C:\Program Files\Java\jdk1.7.0_80\jre\bin\verify.dll
0x0000000050210000 - 0x0000000050238000 	C:\Program Files\Java\jdk1.7.0_80\jre\bin\java.dll
0x0000000050410000 - 0x0000000050445000 	C:\Program Files\Java\jdk1.7.0_80\jre\bin\jdwp.dll
0x00000000505e0000 - 0x00000000505e8000 	C:\Program Files\Java\jdk1.7.0_80\jre\bin\npt.dll
0x00000000501e0000 - 0x00000000501f6000 	C:\Program Files\Java\jdk1.7.0_80\jre\bin\zip.dll
0x0000000050400000 - 0x0000000050409000 	C:\Program Files\Java\jdk1.7.0_80\jre\bin\dt_socket.dll
0x00007ff977f50000 - 0x00007ff977f7f000 	C:\Program Files (x86)\Sangfor\SSL\ClientComponent2\SangforNspX64.dll
0x00007ff98c200000 - 0x00007ff98c351000 	C:\WINDOWS\System32\ole32.dll
0x00007ff98bb40000 - 0x00007ff98bc02000 	C:\WINDOWS\System32\OLEAUT32.dll
0x00007ff98a2b0000 - 0x00007ff98a301000 	C:\WINDOWS\System32\SHLWAPI.dll
0x00007ff977c30000 - 0x00007ff977c46000 	C:\WINDOWS\system32\napinsp.dll
0x00007ff977ad0000 - 0x00007ff977aea000 	C:\WINDOWS\system32\pnrpnsp.dll
0x00007ff983550000 - 0x00007ff983569000 	C:\WINDOWS\system32\NLAapi.dll
0x00007ff988020000 - 0x00007ff988086000 	C:\WINDOWS\System32\mswsock.dll
0x00007ff987db0000 - 0x00007ff987e6e000 	C:\WINDOWS\SYSTEM32\DNSAPI.dll
0x00007ff98c050000 - 0x00007ff98c058000 	C:\WINDOWS\System32\NSI.dll
0x00007ff987d70000 - 0x00007ff987da8000 	C:\WINDOWS\SYSTEM32\IPHLPAPI.DLL
0x00007ff983570000 - 0x00007ff98357e000 	C:\WINDOWS\System32\winrnr.dll
0x00007ff9830f0000 - 0x00007ff983105000 	C:\WINDOWS\System32\wshbth.dll
0x00007ff981630000 - 0x00007ff9817ab000 	C:\Program Files (x86)\Sangfor\SSL\ClientComponent2\SangforTcpX64.dll
0x00007ff988b40000 - 0x00007ff988b97000 	C:\WINDOWS\System32\WINTRUST.dll
0x00007ff988850000 - 0x00007ff988862000 	C:\WINDOWS\System32\MSASN1.dll
0x00007ff988ba0000 - 0x00007ff988d82000 	C:\WINDOWS\System32\CRYPT32.dll
0x00007ff981a60000 - 0x00007ff981a6a000 	C:\WINDOWS\SYSTEM32\VERSION.dll
0x00007ff97a3f0000 - 0x00007ff97a462000 	C:\WINDOWS\System32\fwpuclnt.dll
0x00007ff988300000 - 0x00007ff988325000 	C:\WINDOWS\SYSTEM32\bcrypt.dll
0x00007ff97a310000 - 0x00007ff97a31a000 	C:\Windows\System32\rasadhlp.dll
0x0000000051740000 - 0x000000005175a000 	C:\Program Files\Java\jdk1.7.0_80\jre\bin\net.dll
0x0000000051720000 - 0x0000000051731000 	C:\Program Files\Java\jdk1.7.0_80\jre\bin\nio.dll
0x0000000051360000 - 0x000000005136b000 	C:\Program Files\Java\jdk1.7.0_80\jre\bin\management.dll
0x00007ff9881d0000 - 0x00007ff9881e7000 	C:\WINDOWS\SYSTEM32\CRYPTSP.dll
0x00007ff987bd0000 - 0x00007ff987c03000 	C:\WINDOWS\system32\rsaenh.dll
0x00007ff988730000 - 0x00007ff988758000 	C:\WINDOWS\SYSTEM32\USERENV.dll
0x00007ff988810000 - 0x00007ff98882f000 	C:\WINDOWS\System32\profapi.dll
0x00007ff9881f0000 - 0x00007ff9881fb000 	C:\WINDOWS\SYSTEM32\CRYPTBASE.dll
0x00007ff9827c0000 - 0x00007ff9827d6000 	C:\WINDOWS\SYSTEM32\dhcpcsvc6.DLL
0x00007ff982a30000 - 0x00007ff982a4a000 	C:\WINDOWS\SYSTEM32\dhcpcsvc.DLL
0x00007ff97b510000 - 0x00007ff97b6d9000 	C:\WINDOWS\SYSTEM32\dbghelp.dll

VM Arguments:
jvm_args: -agentlib:jdwp=transport=dt_socket,suspend=y,address=localhost:60742 -Dfile.encoding=UTF-8 
java_command: cn.qs.MySpringBootApplication
Launcher Type: SUN_STANDARD

Environment Variables:
JAVA_HOME=C:\Program Files\Java\jdk1.7.0_80
CLASSPATH=.;JAVA_HOME\lib;JAVA_HOME\lib\tools.jar
PATH=C:/Program Files/Java/jdk1.7.0_80/bin/../jre/bin/server;C:/Program Files/Java/jdk1.7.0_80/bin/../jre/bin;C:/Program Files/Java/jdk1.7.0_80/bin/../jre/lib/amd64;C:\Python27\;C:\Python27\Scripts;E:\Anaconda3\exe;E:\Anaconda3\exe\Library\mingw-w64\bin;E:\Anaconda3\exe\Library\usr\bin;E:\Anaconda3\exe\Library\bin;E:\Anaconda3\exe\Scripts;E:\ImageMagick-7.0.8-Q16;C:\oraclexe\app\oracle\product\11.2.0\server\bin;C:\WINDOWS\system32;C:\WINDOWS;C:\WINDOWS\System32\Wbem;C:\WINDOWS\System32\WindowsPowerShell\v1.0\;E:\soft\apache-maven-3.5.3\bin;C:\WINDOWS\System32\OpenSSH\;E:\git\Git\cmd;E:\SVN\bin;C:\Program Files (x86)\Microsoft SQL Server\110\Tools\Binn\;C:\Program Files\Microsoft SQL Server\110\Tools\Binn\;C:\Program Files\Microsoft SQL Server\110\DTS\Binn\;C:\Program Files (x86)\Microsoft SQL Server\110\Tools\Binn\ManagementStudio\;C:\Program Files (x86)\Microsoft Visual Studio 10.0\Common7\IDE\PrivateAssemblies\;C:\Program Files (x86)\Microsoft SQL Server\110\DTS\Binn\;E:\nodejs2\;C:\ProgramData\chocolatey\bin;C:\Program Files\OpenVPN\bin;C:\Users\Administrator\AppData\Local\Microsoft\WindowsApps;E:\soft\maven\apache-maven-3.3.9\bin;C:\Program Files\MySQL\MySQL Server 5.7\bin;C:\Program Files\Java\jdk1.7.0_80\bin;E:\git\Git\bin;E:\git\Git\usr\bin;E:\git\Git;C:\Program Files\Java\jdk1.7.0_80\jre\bin;D:\zdcontomcat\zdc8\lo\program;E:\tesseract4\Tesseract-OCR;E:\redis\redis-win;E:\sonar\sonar-scanner-3.3.0.1492-windows\bin;C:\Users\Administrator\Desktop\Company\Antiy\AntiyScan;E:\fiddler;F:\нд╪Ч\ngrok\ngrok-stable-windows-amd64;E:\soft\ffmpeg\ffmpeg-20191110-3a84081-win64-static\bin;C:\Users\Administrator\AppData\Roaming\npm;E:\soft\eclipse\eclipse-jee-mars-1-win32-x86_64\eclipse;
USERNAME=Administrator
OS=Windows_NT
PROCESSOR_IDENTIFIER=Intel64 Family 6 Model 142 Stepping 9, GenuineIntel



---------------  S Y S T E M  ---------------

OS: Windows 8.1 , 64 bit Build 9600 

CPU:total 4 (2 cores per cpu, 2 threads per core) family 6 model 142 stepping 9, cmov, cx8, fxsr, mmx, sse, sse2, sse3, ssse3, sse4.1, sse4.2, popcnt, avx, avx2, aes, erms, ht, tsc, tscinvbit

Memory: 4k page, physical 8227852k(1149260k free), swap 17665036k(4438344k free)

vm_info: Java HotSpot(TM) 64-Bit Server VM (24.80-b11) for windows-amd64 JRE (1.7.0_80-b15), built on Apr 10 2015 11:26:34 by "java_re" with unknown MS VC++:1600

time: Tue Feb 11 12:10:25 2020
elapsed time: 2082 seconds

